::1 - - [27/Jul/2021:07:32:03 +0000] "GET / HTTP/1.1" 200 18 "-" "Mozilla/5.0 (Windows NT 10.0; Win64; x64) AppleWebKit/537.36 (KHTML, like Gecko) Chrome/91.0.4472.124 Safari/537.36 Edg/91.0.864.70"
::1 - - [27/Jul/2021:07:32:05 +0000] "GET / HTTP/1.1" 304 - "-" "Mozilla/5.0 (Windows NT 10.0; Win64; x64) AppleWebKit/537.36 (KHTML, like Gecko) Chrome/91.0.4472.124 Safari/537.36 Edg/91.0.864.70"
::1 - - [27/Jul/2021:07:32:23 +0000] "GET / HTTP/1.1" 200 18 "-" "Mozilla/5.0 (Windows NT 10.0; Win64; x64) AppleWebKit/537.36 (KHTML, like Gecko) Chrome/91.0.4472.124 Safari/537.36 Edg/91.0.864.70"
::1 - - [27/Jul/2021:07:32:24 +0000] "GET /favicon.ico HTTP/1.1" 404 34 "http://localhost:7000/" "Mozilla/5.0 (Windows NT 10.0; Win64; x64) AppleWebKit/537.36 (KHTML, like Gecko) Chrome/91.0.4472.124 Safari/537.36 Edg/91.0.864.70"
::1 - - [27/Jul/2021:07:32:40 +0000] "GET / HTTP/1.1" 200 25 "-" "Mozilla/5.0 (Windows NT 10.0; Win64; x64) AppleWebKit/537.36 (KHTML, like Gecko) Chrome/91.0.4472.124 Safari/537.36 Edg/91.0.864.70"
::1 - - [27/Jul/2021:08:01:20 +0000] "GET /api/profile HTTP/1.1" 200 29 "-" "Mozilla/5.0 (Windows NT 10.0; Win64; x64) AppleWebKit/537.36 (KHTML, like Gecko) Chrome/91.0.4472.124 Safari/537.36 Edg/91.0.864.70"
::1 - - [27/Jul/2021:08:09:06 +0000] "GET / HTTP/1.1" 200 25 "-" "PostmanRuntime/7.28.2"
::1 - - [27/Jul/2021:08:09:46 +0000] "GET /api/profile HTTP/1.1" 200 29 "-" "PostmanRuntime/7.28.2"
::1 - - [27/Jul/2021:08:10:42 +0000] "GET / HTTP/1.1" 200 25 "-" "PostmanRuntime/7.28.2"
::1 - - [27/Jul/2021:08:11:19 +0000] "GET /api/profile HTTP/1.1" 200 29 "-" "PostmanRuntime/7.28.2"
::1 - - [27/Jul/2021:08:18:04 +0000] "POST /api/users/register HTTP/1.1" 200 279 "-" "PostmanRuntime/7.28.2"
::1 - - [27/Jul/2021:08:20:58 +0000] "POST /api/users/login HTTP/1.1" 200 326 "-" "PostmanRuntime/7.28.2"
::1 - - [27/Jul/2021:08:26:35 +0000] "GET /api/users/register?name=ritu&email=ritu@gmail.com&password=123 HTTP/1.1" 404 34 "-" "PostmanRuntime/7.28.2"
::1 - - [27/Jul/2021:08:28:41 +0000] "GET /api/users/register HTTP/1.1" 404 34 "-" "PostmanRuntime/7.28.2"
::1 - - [27/Jul/2021:08:29:59 +0000] "POST /api/users/register HTTP/1.1" 200 275 "-" "PostmanRuntime/7.28.2"
::1 - - [27/Jul/2021:08:31:36 +0000] "POST /api/users/register HTTP/1.1" 400 30 "-" "PostmanRuntime/7.28.2"
::1 - - [27/Jul/2021:08:32:25 +0000] "POST /api/users/login HTTP/1.1" 404 34 "-" "PostmanRuntime/7.28.2"
::1 - - [27/Jul/2021:08:32:42 +0000] "POST /api/users/login HTTP/1.1" 200 326 "-" "PostmanRuntime/7.28.2"
::1 - - [27/Jul/2021:08:56:18 +0000] "POST /api/users/register HTTP/1.1" 400 94 "-" "PostmanRuntime/7.28.2"
::1 - - [27/Jul/2021:08:56:42 +0000] "POST /api/users/register HTTP/1.1" 400 70 "-" "PostmanRuntime/7.28.2"
::1 - - [27/Jul/2021:08:56:53 +0000] "POST /api/users/register HTTP/1.1" 400 97 "-" "PostmanRuntime/7.28.2"
::1 - - [27/Jul/2021:08:57:03 +0000] "POST /api/users/register HTTP/1.1" 400 123 "-" "PostmanRuntime/7.28.2"
::1 - - [27/Jul/2021:09:02:05 +0000] "POST /api/users/login HTTP/1.1" 500 1777 "-" "PostmanRuntime/7.28.2"
::1 - - [27/Jul/2021:09:03:01 +0000] "POST /api/users/login HTTP/1.1" 400 59 "-" "PostmanRuntime/7.28.2"
::1 - - [27/Jul/2021:09:03:13 +0000] "POST /api/users/login HTTP/1.1" 404 34 "-" "PostmanRuntime/7.28.2"
::1 - - [27/Jul/2021:22:35:22 +0000] "POST /api/users/register HTTP/1.1" 400 144 "-" "PostmanRuntime/7.28.2"
::1 - - [27/Jul/2021:22:35:42 +0000] "POST /api/users/register HTTP/1.1" 400 36 "-" "PostmanRuntime/7.28.2"
::1 - - [27/Jul/2021:22:38:20 +0000] "POST /api/users/register HTTP/1.1" 200 346 "-" "PostmanRuntime/7.28.2"
::1 - - [27/Jul/2021:22:43:11 +0000] "POST /api/users/register HTTP/1.1" 200 355 "-" "PostmanRuntime/7.28.2"
::1 - - [27/Jul/2021:23:46:38 +0000] "POST /api/users/register HTTP/1.1" 200 351 "-" "PostmanRuntime/7.28.2"
::1 - - [27/Jul/2021:23:52:26 +0000] "POST /api/users/login HTTP/1.1" 500 1761 "-" "PostmanRuntime/7.28.2"
::1 - - [27/Jul/2021:23:56:00 +0000] "POST /api/users/login HTTP/1.1" 200 324 "-" "PostmanRuntime/7.28.2"
::1 - - [28/Jul/2021:00:22:16 +0000] "POST /api/users/createpost HTTP/1.1" 404 34 "-" "PostmanRuntime/7.28.2"
::1 - - [28/Jul/2021:00:22:59 +0000] "POST /api/users/createpost HTTP/1.1" 404 160 "-" "PostmanRuntime/7.28.2"
::1 - - [28/Jul/2021:00:23:13 +0000] "POST /api/posts/createpost HTTP/1.1" 400 52 "-" "PostmanRuntime/7.28.2"
::1 - - [28/Jul/2021:00:23:33 +0000] "POST /api/posts/createpost HTTP/1.1" 400 52 "-" "PostmanRuntime/7.28.2"
::1 - - [28/Jul/2021:00:24:17 +0000] "POST /api/posts/createpost HTTP/1.1" 200 171 "-" "PostmanRuntime/7.28.2"
::1 - - [28/Jul/2021:00:25:47 +0000] "POST /api/posts/createpost HTTP/1.1" 401 - "-" "PostmanRuntime/7.28.2"
::1 - - [28/Jul/2021:00:31:51 +0000] "POST /api/posts/createpost HTTP/1.1" 200 171 "-" "PostmanRuntime/7.28.2"
::1 - - [28/Jul/2021:00:32:57 +0000] "POST /api/users/register HTTP/1.1" 200 360 "-" "PostmanRuntime/7.28.2"
::1 - - [28/Jul/2021:00:33:26 +0000] "POST /api/users/login HTTP/1.1" 200 326 "-" "PostmanRuntime/7.28.2"
::1 - - [28/Jul/2021:00:34:23 +0000] "POST /api/posts/createpost HTTP/1.1" 200 178 "-" "PostmanRuntime/7.28.2"
::1 - - [28/Jul/2021:04:33:04 +0000] "GET /api/posts/allposts HTTP/1.1" 200 352 "-" "PostmanRuntime/7.28.2"
::1 - - [28/Jul/2021:04:34:41 +0000] "GET /api/posts/allposts HTTP/1.1" 404 33 "-" "PostmanRuntime/7.28.2"
::1 - - [28/Jul/2021:04:36:10 +0000] "GET /api/posts/allposts HTTP/1.1" 200 352 "-" "PostmanRuntime/7.28.2"
::1 - - [28/Jul/2021:04:37:06 +0000] "GET /api/posts/allposts HTTP/1.1" 200 1011 "-" "PostmanRuntime/7.28.2"
::1 - - [28/Jul/2021:04:39:39 +0000] "GET /api/posts/allposts HTTP/1.1" 404 33 "-" "PostmanRuntime/7.28.2"
::1 - - [28/Jul/2021:04:40:20 +0000] "GET /api/posts/allposts HTTP/1.1" 404 33 "-" "PostmanRuntime/7.28.2"
::1 - - [28/Jul/2021:04:40:38 +0000] "GET /api/posts/allposts HTTP/1.1" 200 1011 "-" "PostmanRuntime/7.28.2"
::1 - - [28/Jul/2021:04:42:04 +0000] "GET /api/posts/allposts HTTP/1.1" 404 33 "-" "PostmanRuntime/7.28.2"
::1 - - [28/Jul/2021:04:42:32 +0000] "GET /api/posts/allposts HTTP/1.1" 404 33 "-" "PostmanRuntime/7.28.2"
::1 - - [28/Jul/2021:04:43:18 +0000] "GET /api/posts/allposts HTTP/1.1" 404 33 "-" "PostmanRuntime/7.28.2"
::1 - - [28/Jul/2021:04:50:07 +0000] "GET /api/posts/allposts HTTP/1.1" - - "-" "PostmanRuntime/7.28.2"
::1 - - [28/Jul/2021:04:50:45 +0000] "GET /api/posts/allposts HTTP/1.1" - - "-" "PostmanRuntime/7.28.2"
::1 - - [28/Jul/2021:04:55:13 +0000] "GET /api/posts/allposts HTTP/1.1" 200 635 "-" "PostmanRuntime/7.28.2"
::1 - - [28/Jul/2021:05:03:36 +0000] "GET /api/posts/allposts HTTP/1.1" - - "-" "PostmanRuntime/7.28.2"
::1 - - [28/Jul/2021:05:04:12 +0000] "GET /api/posts/allposts HTTP/1.1" - - "-" "PostmanRuntime/7.28.2"
::1 - - [28/Jul/2021:05:13:26 +0000] "GET /api/posts/allposts HTTP/1.1" 200 694 "-" "PostmanRuntime/7.28.2"
::1 - - [28/Jul/2021:05:14:12 +0000] "GET /api/posts/allposts HTTP/1.1" 200 726 "-" "PostmanRuntime/7.28.2"
::1 - - [28/Jul/2021:05:21:30 +0000] "GET /api/posts/allposts HTTP/1.1" 200 670 "-" "PostmanRuntime/7.28.2"
::1 - - [28/Jul/2021:05:26:03 +0000] "GET /api/posts/allposts HTTP/1.1" 200 733 "-" "PostmanRuntime/7.28.2"
::1 - - [28/Jul/2021:05:26:44 +0000] "GET /api/posts/allposts HTTP/1.1" 200 726 "-" "PostmanRuntime/7.28.2"
::1 - - [28/Jul/2021:05:27:43 +0000] "GET /api/posts/allposts HTTP/1.1" 200 726 "-" "PostmanRuntime/7.28.2"
::1 - - [28/Jul/2021:05:27:48 +0000] "GET /api/posts/allposts HTTP/1.1" 200 726 "-" "PostmanRuntime/7.28.2"
::1 - - [28/Jul/2021:05:35:44 +0000] "GET /api/posts/allposts HTTP/1.1" 200 726 "-" "PostmanRuntime/7.28.2"
::1 - - [28/Jul/2021:05:36:26 +0000] "GET /api/posts/allposts HTTP/1.1" 200 726 "-" "PostmanRuntime/7.28.2"
::1 - - [28/Jul/2021:05:37:00 +0000] "GET /api/posts/allposts HTTP/1.1" 200 726 "-" "PostmanRuntime/7.28.2"
::1 - - [28/Jul/2021:05:37:35 +0000] "GET /api/posts/allposts HTTP/1.1" 200 726 "-" "PostmanRuntime/7.28.2"
::1 - - [28/Jul/2021:05:44:36 +0000] "POST /api/posts/createpost HTTP/1.1" 401 - "-" "PostmanRuntime/7.28.2"
::1 - - [28/Jul/2021:05:45:05 +0000] "POST /api/users/login HTTP/1.1" 200 326 "-" "PostmanRuntime/7.28.2"
::1 - - [28/Jul/2021:05:45:51 +0000] "POST /api/posts/createpost HTTP/1.1" 200 371 "-" "PostmanRuntime/7.28.2"
::1 - - [28/Jul/2021:05:47:11 +0000] "GET /api/posts/allposts HTTP/1.1" 200 1098 "-" "PostmanRuntime/7.28.2"
::1 - - [28/Jul/2021:06:51:30 +0000] "GET /api/posts/?postid=6100ef0fdca7354f68b0d5be HTTP/1.1" 404 149 "-" "PostmanRuntime/7.28.2"
::1 - - [28/Jul/2021:06:52:34 +0000] "GET /api/posts/?postid=6100ef0fdca7354f68b0d5be HTTP/1.1" 404 149 "-" "PostmanRuntime/7.28.2"
::1 - - [28/Jul/2021:06:52:55 +0000] "GET /api/posts/?id=6100ef0fdca7354f68b0d5be HTTP/1.1" 404 149 "-" "PostmanRuntime/7.28.2"
::1 - - [28/Jul/2021:06:53:07 +0000] "GET /api/posts/?id=6100ef0fdca7354f68b0d5be HTTP/1.1" 404 149 "-" "PostmanRuntime/7.28.2"
::1 - - [28/Jul/2021:06:53:42 +0000] "GET /api/posts/?id=6100ef0fdca7354f68b0d5be HTTP/1.1" 404 149 "-" "PostmanRuntime/7.28.2"
::1 - - [28/Jul/2021:06:54:50 +0000] "GET /api/posts/?id=6100ef0fdca7354f68b0d5be HTTP/1.1" 404 149 "-" "PostmanRuntime/7.28.2"
::1 - - [28/Jul/2021:06:55:51 +0000] "GET /api/posts/?id=6100ef0fdca7354f68b0d5be HTTP/1.1" 404 149 "-" "PostmanRuntime/7.28.2"
::1 - - [28/Jul/2021:06:59:34 +0000] "GET /api/posts/?id=%226100ef0fdca7354f68b0d5be%22 HTTP/1.1" 404 149 "-" "PostmanRuntime/7.28.2"
::1 - - [28/Jul/2021:07:08:58 +0000] "POST /api/users/login HTTP/1.1" 200 326 "-" "PostmanRuntime/7.28.2"
::1 - - [28/Jul/2021:07:09:35 +0000] "GET /api/posts/userpost HTTP/1.1" 500 1480 "-" "PostmanRuntime/7.28.2"
::1 - - [28/Jul/2021:07:10:24 +0000] "GET /api/posts/userpost HTTP/1.1" 500 1481 "-" "PostmanRuntime/7.28.2"
::1 - - [28/Jul/2021:07:11:28 +0000] "GET /api/posts/userpost HTTP/1.1" 500 1480 "-" "PostmanRuntime/7.28.2"
::1 - - [28/Jul/2021:07:12:06 +0000] "GET /api/posts/userpost HTTP/1.1" 500 1480 "-" "PostmanRuntime/7.28.2"
::1 - - [28/Jul/2021:07:12:42 +0000] "GET /api/posts/userpost HTTP/1.1" 500 1480 "-" "PostmanRuntime/7.28.2"
::1 - - [28/Jul/2021:07:17:09 +0000] "GET /api/posts/allposts HTTP/1.1" 200 1098 "-" "PostmanRuntime/7.28.2"
::1 - - [28/Jul/2021:07:18:38 +0000] "GET /api/posts/userpost HTTP/1.1" 500 1480 "-" "PostmanRuntime/7.28.2"
::1 - - [28/Jul/2021:07:19:58 +0000] "POST /api/users/login HTTP/1.1" 200 324 "-" "PostmanRuntime/7.28.2"
::1 - - [28/Jul/2021:07:20:36 +0000] "GET /api/posts/userpost HTTP/1.1" 500 1480 "-" "PostmanRuntime/7.28.2"
::1 - - [28/Jul/2021:07:23:27 +0000] "GET /api/posts/userpost HTTP/1.1" 500 1480 "-" "PostmanRuntime/7.28.2"
::1 - - [28/Jul/2021:07:27:14 +0000] "POST /api/users/register HTTP/1.1" 200 352 "-" "PostmanRuntime/7.28.2"
::1 - - [28/Jul/2021:07:27:36 +0000] "POST /api/users/login HTTP/1.1" 200 323 "-" "PostmanRuntime/7.28.2"
::1 - - [28/Jul/2021:07:28:11 +0000] "GET /api/posts/userpost HTTP/1.1" 500 1480 "-" "PostmanRuntime/7.28.2"
::1 - - [28/Jul/2021:07:29:50 +0000] "GET /current HTTP/1.1" 404 146 "-" "PostmanRuntime/7.28.2"
::1 - - [28/Jul/2021:07:30:33 +0000] "GET / HTTP/1.1" 200 25 "-" "PostmanRuntime/7.28.2"
::1 - - [28/Jul/2021:07:30:40 +0000] "GET /current HTTP/1.1" 404 146 "-" "PostmanRuntime/7.28.2"
::1 - - [28/Jul/2021:07:33:00 +0000] "GET /current HTTP/1.1" 404 146 "-" "PostmanRuntime/7.28.2"
::1 - - [28/Jul/2021:07:39:26 +0000] "GET /current HTTP/1.1" 404 146 "-" "PostmanRuntime/7.28.2"
::1 - - [28/Jul/2021:07:41:32 +0000] "GET /current HTTP/1.1" 404 146 "-" "PostmanRuntime/7.28.2"
::1 - - [28/Jul/2021:07:42:16 +0000] "GET /api/posts/userpost HTTP/1.1" 500 1480 "-" "PostmanRuntime/7.28.2"
::1 - - [28/Jul/2021:07:44:06 +0000] "POST /api/users/login HTTP/1.1" 200 323 "-" "PostmanRuntime/7.28.2"
::1 - - [28/Jul/2021:07:45:26 +0000] "POST /api/posts/createpost HTTP/1.1" 200 365 "-" "PostmanRuntime/7.28.2"
::1 - - [28/Jul/2021:07:46:34 +0000] "GET /api/posts/userpost HTTP/1.1" 500 1480 "-" "PostmanRuntime/7.28.2"
::1 - - [28/Jul/2021:07:47:29 +0000] "GET /api/posts/allposts HTTP/1.1" 200 1464 "-" "PostmanRuntime/7.28.2"
::1 - - [28/Jul/2021:07:48:50 +0000] "GET /api/posts/allposts HTTP/1.1" 200 1464 "-" "PostmanRuntime/7.28.2"
::1 - - [28/Jul/2021:07:49:26 +0000] "GET /api/posts/userpost HTTP/1.1" 500 1480 "-" "PostmanRuntime/7.28.2"
::1 - - [28/Jul/2021:07:55:14 +0000] "GET /api/posts/user/postid HTTP/1.1" 500 1480 "-" "PostmanRuntime/7.28.2"
::1 - - [28/Jul/2021:07:57:31 +0000] "GET /api/posts/user/id HTTP/1.1" 200 2 "-" "PostmanRuntime/7.28.2"
::1 - - [28/Jul/2021:07:58:54 +0000] "GET /api/posts/user/id HTTP/1.1" 200 2 "-" "PostmanRuntime/7.28.2"
::1 - - [28/Jul/2021:08:01:18 +0000] "GET /api/posts/user/id HTTP/1.1" 200 182 "-" "PostmanRuntime/7.28.2"
::1 - - [28/Jul/2021:08:03:55 +0000] "GET /api/posts/user/postid HTTP/1.1" 500 1480 "-" "PostmanRuntime/7.28.2"
::1 - - [28/Jul/2021:08:05:19 +0000] "GET /api/posts/user/postid HTTP/1.1" 500 1480 "-" "PostmanRuntime/7.28.2"
::1 - - [28/Jul/2021:08:05:50 +0000] "GET /api/posts/id HTTP/1.1" 200 182 "-" "PostmanRuntime/7.28.2"
::1 - - [28/Jul/2021:08:08:46 +0000] "GET /api/posts/id HTTP/1.1" 200 367 "-" "PostmanRuntime/7.28.2"
::1 - - [28/Jul/2021:08:20:09 +0000] "GET /api/posts/user/post HTTP/1.1" 404 158 "-" "PostmanRuntime/7.28.2"
::1 - - [28/Jul/2021:08:20:43 +0000] "GET /api/posts/user/id HTTP/1.1" 404 156 "-" "PostmanRuntime/7.28.2"
::1 - - [28/Jul/2021:08:21:46 +0000] "GET /current HTTP/1.1" 404 146 "-" "PostmanRuntime/7.28.2"
::1 - - [28/Jul/2021:08:22:13 +0000] "GET /current HTTP/1.1" 404 146 "-" "PostmanRuntime/7.28.2"
::1 - - [28/Jul/2021:08:22:37 +0000] "GET /current HTTP/1.1" 404 146 "-" "PostmanRuntime/7.28.2"
::1 - - [28/Jul/2021:08:22:39 +0000] "GET /current HTTP/1.1" 404 146 "-" "PostmanRuntime/7.28.2"
::1 - - [28/Jul/2021:08:23:14 +0000] "GET /api/posts/allposts HTTP/1.1" 200 1464 "-" "PostmanRuntime/7.28.2"
::1 - - [28/Jul/2021:08:23:30 +0000] "GET /api/posts/allposts HTTP/1.1" 200 1464 "-" "PostmanRuntime/7.28.2"
::1 - - [28/Jul/2021:08:23:51 +0000] "GET /api/posts/allposts HTTP/1.1" 200 1464 "-" "PostmanRuntime/7.28.2"
::1 - - [28/Jul/2021:08:24:09 +0000] "GET /current HTTP/1.1" 404 146 "-" "PostmanRuntime/7.28.2"
::1 - - [28/Jul/2021:08:25:12 +0000] "POST /api/posts/createpost HTTP/1.1" 200 365 "-" "PostmanRuntime/7.28.2"
::1 - - [28/Jul/2021:08:28:39 +0000] "GET /api/posts/user/post HTTP/1.1" 404 158 "-" "PostmanRuntime/7.28.2"
::1 - - [28/Jul/2021:08:29:59 +0000] "GET /api/posts/user/post HTTP/1.1" 200 733 "-" "PostmanRuntime/7.28.2"
::1 - - [28/Jul/2021:08:30:27 +0000] "GET /api/posts/user/posts HTTP/1.1" 200 733 "-" "PostmanRuntime/7.28.2"
::1 - - [28/Jul/2021:08:37:47 +0000] "GET /api/posts/?postid=61010b161124933b8c8867de HTTP/1.1" 404 149 "-" "PostmanRuntime/7.28.2"
::1 - - [28/Jul/2021:08:38:29 +0000] "GET /api/posts/?id=61010b161124933b8c8867de HTTP/1.1" 404 149 "-" "PostmanRuntime/7.28.2"
::1 - - [28/Jul/2021:08:40:21 +0000] "GET /api/posts/?id=61010b161124933b8c8867de HTTP/1.1" 404 149 "-" "PostmanRuntime/7.28.2"
::1 - - [28/Jul/2021:08:42:13 +0000] "GET /api/posts/?id=61010b161124933b8c8867de HTTP/1.1" 404 149 "-" "PostmanRuntime/7.28.2"
::1 - - [28/Jul/2021:08:42:17 +0000] "GET /api/posts/?id=61010b161124933b8c8867de HTTP/1.1" 404 149 "-" "PostmanRuntime/7.28.2"
::1 - - [28/Jul/2021:08:42:34 +0000] "GET /api/posts/?id=61010b161124933b8c8867de HTTP/1.1" 404 149 "-" "PostmanRuntime/7.28.2"
::1 - - [28/Jul/2021:08:42:36 +0000] "GET /api/posts/?id=61010b161124933b8c8867de HTTP/1.1" 404 149 "-" "PostmanRuntime/7.28.2"
::1 - - [28/Jul/2021:08:43:28 +0000] "GET /api/posts/?postid=61010b161124933b8c8867de HTTP/1.1" 404 149 "-" "PostmanRuntime/7.28.2"
::1 - - [28/Jul/2021:08:51:22 +0000] "GET /api/posts/?postid=61010b161124933b8c8867de HTTP/1.1" 404 149 "-" "PostmanRuntime/7.28.2"
::1 - - [28/Jul/2021:08:54:01 +0000] "GET /api/posts/ HTTP/1.1" 404 149 "-" "PostmanRuntime/7.28.2"
::1 - - [28/Jul/2021:08:54:08 +0000] "GET /api/posts/61010b161124933b8c8867de HTTP/1.1" 401 - "-" "PostmanRuntime/7.28.2"
::1 - - [28/Jul/2021:08:54:42 +0000] "GET /api/posts/61010b161124933b8c8867de HTTP/1.1" 200 365 "-" "PostmanRuntime/7.28.2"
::1 - - [28/Jul/2021:08:58:09 +0000] "GET /current HTTP/1.1" 404 146 "-" "PostmanRuntime/7.28.2"
::1 - - [28/Jul/2021:18:30:48 +0000] "POST /api/users/login HTTP/1.1" 200 323 "-" "PostmanRuntime/7.28.2"
::1 - - [28/Jul/2021:18:32:17 +0000] "GET /api/posts/allposts HTTP/1.1" 200 1830 "-" "PostmanRuntime/7.28.2"
::1 - - [28/Jul/2021:18:33:57 +0000] "PUT /api/posts/users/610114680ac80125841564b5 HTTP/1.1" 404 179 "-" "PostmanRuntime/7.28.2"
::1 - - [28/Jul/2021:18:34:30 +0000] "POST /api/posts/users/610114680ac80125841564b5 HTTP/1.1" 404 180 "-" "PostmanRuntime/7.28.2"
::1 - - [28/Jul/2021:18:35:14 +0000] "GET /api/posts/users/610114680ac80125841564b5 HTTP/1.1" 404 179 "-" "PostmanRuntime/7.28.2"
::1 - - [28/Jul/2021:18:37:04 +0000] "GET /api/posts/users/610114680ac80125841564b5 HTTP/1.1" 404 179 "-" "PostmanRuntime/7.28.2"
::1 - - [28/Jul/2021:18:37:21 +0000] "GET /api/posts/user/610114680ac80125841564b5 HTTP/1.1" 200 180 "-" "PostmanRuntime/7.28.2"
::1 - - [28/Jul/2021:18:37:55 +0000] "GET /api/posts/user/610114680ac80125841564b5 HTTP/1.1" - - "-" "PostmanRuntime/7.28.2"
::1 - - [28/Jul/2021:18:39:26 +0000] "GET /api/posts/user/610114680ac80125841564b5 HTTP/1.1" 200 180 "-" "PostmanRuntime/7.28.2"
::1 - - [28/Jul/2021:18:39:45 +0000] "GET /api/posts/user/610114680ac80125841564b HTTP/1.1" - - "-" "PostmanRuntime/7.28.2"
::1 - - [28/Jul/2021:18:40:48 +0000] "GET /api/posts/user/610114680ac80125841564b HTTP/1.1" - - "-" "PostmanRuntime/7.28.2"
::1 - - [28/Jul/2021:18:49:43 +0000] "GET /api/posts/user/610114680ac80125841564b HTTP/1.1" 404 43 "-" "PostmanRuntime/7.28.2"
::1 - - [28/Jul/2021:18:51:21 +0000] "GET /api/posts/user/610114680ac80125841564b HTTP/1.1" 404 177 "-" "PostmanRuntime/7.28.2"
::1 - - [28/Jul/2021:18:52:53 +0000] "POST /api/posts/user/610114680ac80125841564b HTTP/1.1" 404 32 "-" "PostmanRuntime/7.28.2"
::1 - - [28/Jul/2021:18:53:20 +0000] "POST /api/posts/user/610114680ac80125841564b5 HTTP/1.1" 200 180 "-" "PostmanRuntime/7.28.2"
::1 - - [28/Jul/2021:20:09:34 +0000] "POST /api/posts/user/610114680ac80125841564b HTTP/1.1" 401 - "-" "PostmanRuntime/7.28.2"
::1 - - [28/Jul/2021:20:09:43 +0000] "POST /api/users/login HTTP/1.1" 200 323 "-" "PostmanRuntime/7.28.2"
::1 - - [28/Jul/2021:20:11:54 +0000] "POST /api/posts/user/610114680ac80125841564b HTTP/1.1" 404 32 "-" "PostmanRuntime/7.28.2"
::1 - - [28/Jul/2021:20:12:09 +0000] "POST /api/posts/user/610114680ac80125841564b5 HTTP/1.1" 200 180 "-" "PostmanRuntime/7.28.2"
::1 - - [28/Jul/2021:20:12:54 +0000] "POST /api/posts/user/610114680ac80125841564b5 HTTP/1.1" 200 180 "-" "PostmanRuntime/7.28.2"
::1 - - [28/Jul/2021:20:13:18 +0000] "POST /api/posts/user/610114680ac80125841564b5 HTTP/1.1" 200 172 "-" "PostmanRuntime/7.28.2"
::1 - - [28/Jul/2021:20:14:21 +0000] "POST /api/posts/user/610114680ac80125841564b5 HTTP/1.1" 200 361 "-" "PostmanRuntime/7.28.2"
::1 - - [28/Jul/2021:20:18:27 +0000] "POST /api/posts/user/6100ef0fdca7354f68b0d5be HTTP/1.1" - - "-" "PostmanRuntime/7.28.2"
::1 - - [28/Jul/2021:20:18:47 +0000] "POST /api/posts/user/610114680ac80125841564b5 HTTP/1.1" 200 361 "-" "PostmanRuntime/7.28.2"
::1 - - [28/Jul/2021:20:21:22 +0000] "POST /api/posts/user/610114680ac80125841564b5 HTTP/1.1" 200 361 "-" "PostmanRuntime/7.28.2"
::1 - - [28/Jul/2021:20:21:57 +0000] "POST /api/posts/user/61010b161124933b8c8867de HTTP/1.1" 200 361 "-" "PostmanRuntime/7.28.2"
::1 - - [28/Jul/2021:20:22:28 +0000] "POST /api/posts/user/610114680ac80125841564b5 HTTP/1.1" 200 361 "-" "PostmanRuntime/7.28.2"
::1 - - [28/Jul/2021:20:23:18 +0000] "POST /api/posts/user/610114680ac80125841564b5 HTTP/1.1" 200 361 "-" "PostmanRuntime/7.28.2"
::1 - - [28/Jul/2021:20:29:54 +0000] "POST /api/posts/user/610114680ac80125841564b5 HTTP/1.1" 200 361 "-" "PostmanRuntime/7.28.2"
::1 - - [28/Jul/2021:20:30:44 +0000] "POST /api/posts/user/610114680ac80125841564b5 HTTP/1.1" 200 361 "-" "PostmanRuntime/7.28.2"
::1 - - [28/Jul/2021:20:33:52 +0000] "POST /api/posts/user/610114680ac80125841564b5 HTTP/1.1" 200 361 "-" "PostmanRuntime/7.28.2"
::1 - - [28/Jul/2021:20:36:03 +0000] "POST /api/posts/user/610114680ac80125841564b5 HTTP/1.1" 200 361 "-" "PostmanRuntime/7.28.2"
::1 - - [28/Jul/2021:20:36:09 +0000] "POST /api/posts/user/610114680ac80125841564b5 HTTP/1.1" 200 356 "-" "PostmanRuntime/7.28.2"
::1 - - [28/Jul/2021:20:47:22 +0000] "POST /api/users/login HTTP/1.1" 200 326 "-" "PostmanRuntime/7.28.2"
::1 - - [28/Jul/2021:20:48:11 +0000] "POST /api/posts/user/610114680ac80125841564b5 HTTP/1.1" - - "-" "PostmanRuntime/7.28.2"
::1 - - [28/Jul/2021:20:49:56 +0000] "POST /api/posts/user/610114680ac80125841564b5 HTTP/1.1" 404 45 "-" "PostmanRuntime/7.28.2"
::1 - - [28/Jul/2021:22:04:01 +0000] "GET /api/posts/user/610114680ac80125841564b5 HTTP/1.1" 404 178 "-" "PostmanRuntime/7.28.2"
::1 - - [28/Jul/2021:22:04:19 +0000] "GET /api/posts/610114680ac80125841564b5 HTTP/1.1" 401 - "-" "PostmanRuntime/7.28.2"
::1 - - [28/Jul/2021:22:04:50 +0000] "GET /api/posts/610114680ac80125841564b5 HTTP/1.1" 401 - "-" "PostmanRuntime/7.28.2"
::1 - - [28/Jul/2021:22:05:06 +0000] "POST /api/users/login HTTP/1.1" 200 323 "-" "PostmanRuntime/7.28.2"
::1 - - [28/Jul/2021:22:06:43 +0000] "GET /api/posts/610114680ac80125841564b5 HTTP/1.1" 200 356 "-" "PostmanRuntime/7.28.2"
::1 - - [28/Jul/2021:22:07:57 +0000] "DELETE /api/posts/610114680ac80125841564b5 HTTP/1.1" 500 1489 "-" "PostmanRuntime/7.28.2"
::1 - - [28/Jul/2021:22:09:38 +0000] "DELETE /api/posts/610114680ac80125841564b5 HTTP/1.1" 500 1489 "-" "PostmanRuntime/7.28.2"
::1 - - [28/Jul/2021:22:11:17 +0000] "DELETE /api/posts/45646576 HTTP/1.1" 500 1481 "-" "PostmanRuntime/7.28.2"
::1 - - [28/Jul/2021:22:12:38 +0000] "POST /api/posts/45646576 HTTP/1.1" 404 158 "-" "PostmanRuntime/7.28.2"
::1 - - [28/Jul/2021:22:14:53 +0000] "DELETE /api/posts/45646576 HTTP/1.1" 500 1481 "-" "PostmanRuntime/7.28.2"
::1 - - [28/Jul/2021:22:16:09 +0000] "DELETE /api/posts/deletepost/610114680ac80125841564b5 HTTP/1.1" 404 187 "-" "PostmanRuntime/7.28.2"
::1 - - [28/Jul/2021:22:18:48 +0000] "DELETE /api/posts/deletepost/610114680ac80125841564b5 HTTP/1.1" 404 187 "-" "PostmanRuntime/7.28.2"
::1 - - [28/Jul/2021:22:18:51 +0000] "DELETE /api/posts/deletepost/610114680ac80125841564b5 HTTP/1.1" 404 187 "-" "PostmanRuntime/7.28.2"
::1 - - [28/Jul/2021:22:19:26 +0000] "DELETE /api/posts/deletepost/610114680ac80125841564b5 HTTP/1.1" 500 1481 "-" "PostmanRuntime/7.28.2"
::1 - - [28/Jul/2021:22:20:05 +0000] "DELETE /api/posts/deletepost/61010b161124933b8c8867de HTTP/1.1" 500 1481 "-" "PostmanRuntime/7.28.2"
::1 - - [28/Jul/2021:22:35:06 +0000] "DELETE /api/posts/deletepost/61010b161124933b8c8867de HTTP/1.1" 500 1481 "-" "PostmanRuntime/7.28.2"
::1 - - [28/Jul/2021:22:47:42 +0000] "DELETE /api/posts/deletepost/61010b161124933b8c8867de%0A HTTP/1.1" 422 306 "-" "PostmanRuntime/7.28.2"
::1 - - [28/Jul/2021:22:50:17 +0000] "DELETE /api/posts/deletepost/610106d24c90b43ed8f94d59%0A HTTP/1.1" - - "-" "PostmanRuntime/7.28.2"
::1 - - [28/Jul/2021:22:51:22 +0000] "DELETE /api/posts/deletepost/610106d24c90b43ed8f94d59%0A HTTP/1.1" - - "-" "PostmanRuntime/7.28.2"
::1 - - [28/Jul/2021:22:53:26 +0000] "DELETE /api/posts/deletepost/610106d24c90b43ed8f94d59%0A HTTP/1.1" - - "-" "PostmanRuntime/7.28.2"
::1 - - [28/Jul/2021:23:01:49 +0000] "DELETE /api/posts/deletepost/610106d24c90b43ed8f94d59%0A HTTP/1.1" - - "-" "PostmanRuntime/7.28.2"
::1 - - [28/Jul/2021:23:05:19 +0000] "DELETE /api/posts/deletepost/610114680ac80125841564b5 HTTP/1.1" 401 - "-" "PostmanRuntime/7.28.2"
::1 - - [28/Jul/2021:23:05:33 +0000] "POST /api/users/login HTTP/1.1" 200 323 "-" "PostmanRuntime/7.28.2"
::1 - - [28/Jul/2021:23:05:59 +0000] "DELETE /api/posts/deletepost/610114680ac80125841564b5 HTTP/1.1" 500 1481 "-" "PostmanRuntime/7.28.2"
::1 - - [28/Jul/2021:23:06:39 +0000] "DELETE /api/posts/deletepost/610114680ac80125841564b5 HTTP/1.1" 500 1481 "-" "PostmanRuntime/7.28.2"
::1 - - [28/Jul/2021:23:08:04 +0000] "DELETE /api/posts/deletepost/610114680ac80125841564b5 HTTP/1.1" 500 1481 "-" "PostmanRuntime/7.28.2"
::1 - - [28/Jul/2021:23:12:14 +0000] "DELETE /api/posts/deletepost/610114680ac80125841564b5 HTTP/1.1" 401 - "-" "PostmanRuntime/7.28.2"
::1 - - [28/Jul/2021:23:12:56 +0000] "DELETE /api/posts/deletepost/610114680ac80125841564b5 HTTP/1.1" 500 1481 "-" "PostmanRuntime/7.28.2"
::1 - - [28/Jul/2021:23:15:20 +0000] "POST /api/users/login HTTP/1.1" 200 326 "-" "PostmanRuntime/7.28.2"
::1 - - [28/Jul/2021:23:15:46 +0000] "DELETE /api/posts/deletepost/610114680ac80125841564b5 HTTP/1.1" 500 1481 "-" "PostmanRuntime/7.28.2"
::1 - - [28/Jul/2021:23:15:49 +0000] "DELETE /api/posts/deletepost/610114680ac80125841564b5 HTTP/1.1" 500 1481 "-" "PostmanRuntime/7.28.2"
::1 - - [28/Jul/2021:23:16:49 +0000] "DELETE /api/posts/deletepost/610114680ac80125841564b5 HTTP/1.1" 500 1481 "-" "PostmanRuntime/7.28.2"
::1 - - [28/Jul/2021:23:17:29 +0000] "DELETE /api/posts/deletepost/610114680ac80125841564b5 HTTP/1.1" - - "-" "PostmanRuntime/7.28.2"
::1 - - [28/Jul/2021:23:18:29 +0000] "DELETE /api/posts/deletepost/610114680ac80125841564b5 HTTP/1.1" 500 1481 "-" "PostmanRuntime/7.28.2"
::1 - - [28/Jul/2021:23:29:31 +0000] "DELETE /api/posts/deletepost/610114680ac80125841564b5 HTTP/1.1" 500 1481 "-" "PostmanRuntime/7.28.2"
::1 - - [28/Jul/2021:23:30:02 +0000] "GET /api/posts/deletepost/610114680ac80125841564b5 HTTP/1.1" 500 1481 "-" "PostmanRuntime/7.28.2"
::1 - - [28/Jul/2021:23:37:29 +0000] "GET /api/posts/deletepost/6100a60fc120405004cd3338 HTTP/1.1" 404 184 "-" "PostmanRuntime/7.28.2"
::1 - - [28/Jul/2021:23:37:47 +0000] "DELETE /api/posts/deletepost/6100a60fc120405004cd3338 HTTP/1.1" 500 1481 "-" "PostmanRuntime/7.28.2"
::1 - - [28/Jul/2021:23:38:58 +0000] "DELETE /api/posts/deletepost/6100a60fc120405004cd3338 HTTP/1.1" 500 1481 "-" "PostmanRuntime/7.28.2"
::1 - - [28/Jul/2021:23:39:35 +0000] "DELETE /api/posts/deletepost/6100a60fc120405004cd3338 HTTP/1.1" 500 1481 "-" "PostmanRuntime/7.28.2"
::1 - - [28/Jul/2021:23:39:37 +0000] "DELETE /api/posts/deletepost/6100a60fc120405004cd3338 HTTP/1.1" 500 1481 "-" "PostmanRuntime/7.28.2"
::1 - - [28/Jul/2021:23:46:18 +0000] "DELETE /api/posts/delete/6100a60fc120405004cd3338 HTTP/1.1" 404 183 "-" "PostmanRuntime/7.28.2"
::1 - - [28/Jul/2021:23:46:41 +0000] "DELETE /api/posts/delete/6100a60fc120405004cd3338 HTTP/1.1" 404 183 "-" "PostmanRuntime/7.28.2"
::1 - - [28/Jul/2021:23:53:02 +0000] "DELETE /api/posts/delete/6100a60fc120405004cd3338 HTTP/1.1" 404 183 "-" "PostmanRuntime/7.28.2"
::1 - - [28/Jul/2021:23:53:05 +0000] "DELETE /api/posts/delete/6100a60fc120405004cd3338 HTTP/1.1" 404 183 "-" "PostmanRuntime/7.28.2"
::1 - - [28/Jul/2021:23:53:34 +0000] "DELETE /api/posts/deletepost/6100a60fc120405004cd3338 HTTP/1.1" 500 1481 "-" "PostmanRuntime/7.28.2"
::1 - - [29/Jul/2021:00:03:19 +0000] "DELETE /api/posts/deletepost/6100a60fc120405004cd3338 HTTP/1.1" 500 1481 "-" "PostmanRuntime/7.28.2"
::1 - - [29/Jul/2021:00:03:42 +0000] "DELETE /api/posts/delete/6100a60fc120405004cd3338 HTTP/1.1" 404 183 "-" "PostmanRuntime/7.28.2"
::1 - - [29/Jul/2021:00:06:59 +0000] "DELETE /api/posts/delete/6100a60fc120405004cd3338 HTTP/1.1" 200 16 "-" "PostmanRuntime/7.28.2"
::1 - - [29/Jul/2021:00:10:44 +0000] "DELETE /api/posts/deletepost/6100a60fc120405004cd3338 HTTP/1.1" 500 1481 "-" "PostmanRuntime/7.28.2"
::1 - - [29/Jul/2021:00:11:54 +0000] "DELETE /api/posts/deletepost/6100ef0fdca7354f68b0d5be HTTP/1.1" 500 1481 "-" "PostmanRuntime/7.28.2"
::1 - - [29/Jul/2021:00:12:42 +0000] "DELETE /api/posts/deletepost/6100ef0fdca7354f68b0d5be HTTP/1.1" 500 1481 "-" "PostmanRuntime/7.28.2"
::1 - - [29/Jul/2021:00:12:55 +0000] "DELETE /api/posts/delete/6100ef0fdca7354f68b0d5be HTTP/1.1" 200 16 "-" "PostmanRuntime/7.28.2"
::1 - - [29/Jul/2021:00:21:43 +0000] "DELETE /api/posts/delete/6100ef0fdca7354f68b0d5be HTTP/1.1" 401 - "-" "PostmanRuntime/7.28.2"
::1 - - [29/Jul/2021:00:55:05 +0000] "DELETE /api/posts/deletepost/6100ef0fdca7354f68b0d5be HTTP/1.1" 401 - "-" "PostmanRuntime/7.28.2"
::1 - - [29/Jul/2021:00:55:27 +0000] "POST /api/users/login HTTP/1.1" 200 326 "-" "PostmanRuntime/7.28.2"
::1 - - [29/Jul/2021:00:55:54 +0000] "DELETE /api/posts/deletepost/6100ef0fdca7354f68b0d5be HTTP/1.1" 404 32 "-" "PostmanRuntime/7.28.2"
::1 - - [29/Jul/2021:00:56:35 +0000] "DELETE /api/posts/deletepost/610114680ac80125841564b5 HTTP/1.1" 401 39 "-" "PostmanRuntime/7.28.2"
