info: Jul-27-2021 00:27:59: 	Server started and running on 6000 
info: Jul-27-2021 00:27:59: 	Connected to Mongodb 
info: Jul-27-2021 00:31:47: 	Server started and running on 5000 
info: Jul-27-2021 00:31:48: 	Connected to Mongodb 
info: Jul-27-2021 00:31:56: 	Server started and running on 5000 
info: Jul-27-2021 00:31:57: 	Server started and running on 5000 
info: Jul-27-2021 00:31:58: 	Connected to Mongodb 
info: Jul-27-2021 00:32:18: 	Server started and running on 7000 
info: Jul-27-2021 00:32:19: 	Connected to Mongodb 
info: Jul-27-2021 00:32:40: 	Server started and running on 7000 
info: Jul-27-2021 00:32:41: 	Connected to Mongodb 
info: Jul-27-2021 00:53:54: 	Server started and running on 7000 
info: Jul-27-2021 00:53:54: 	Connected to Mongodb 
info: Jul-27-2021 00:54:33: 	Server started and running on 7000 
info: Jul-27-2021 00:54:33: 	Connected to Mongodb 
info: Jul-27-2021 00:55:13: 	Server started and running on 7000 
info: Jul-27-2021 00:55:14: 	Connected to Mongodb 
info: Jul-27-2021 00:55:29: 	Server started and running on 7000 
info: Jul-27-2021 00:55:29: 	Connected to Mongodb 
info: Jul-27-2021 00:59:01: 	Server started and running on 7000 
info: Jul-27-2021 00:59:02: 	Connected to Mongodb 
info: Jul-27-2021 00:59:48: 	Server started and running on 7000 
info: Jul-27-2021 00:59:48: 	Connected to Mongodb 
info: Jul-27-2021 01:00:46: 	Server started and running on 7000 
info: Jul-27-2021 01:00:47: 	Connected to Mongodb 
info: Jul-27-2021 01:18:04: 	User successfully created id:60ffc13b2905163cc01f13ea email:mohita@gmail.com 
info: Jul-27-2021 01:29:59: 	User successfully created id:60ffc4062905163cc01f13ee email:ritu@gmail.com 
info: Jul-27-2021 01:55:45: 	Server started and running on 7000 
info: Jul-27-2021 01:55:46: 	Connected to Mongodb 
info: Jul-27-2021 02:00:41: 	Server started and running on 7000 
info: Jul-27-2021 02:00:47: 	Connected to Mongodb 
info: Jul-27-2021 02:00:51: 	Server started and running on 7000 
info: Jul-27-2021 02:00:51: 	Connected to Mongodb 
info: Jul-27-2021 02:01:10: 	Server started and running on 7000 
info: Jul-27-2021 02:01:11: 	Connected to Mongodb 
info: Jul-27-2021 02:01:52: 	Server started and running on 7000 
info: Jul-27-2021 02:01:53: 	Connected to Mongodb 
info: Jul-27-2021 02:02:45: 	Server started and running on 7000 
info: Jul-27-2021 02:02:45: 	Connected to Mongodb 
info: Jul-27-2021 02:02:49: 	Server started and running on 7000 
info: Jul-27-2021 02:02:49: 	Connected to Mongodb 
info: Jul-27-2021 02:02:56: 	Server started and running on 7000 
info: Jul-27-2021 02:02:57: 	Connected to Mongodb 
info: Jul-27-2021 02:04:45: 	Server started and running on 7000 
info: Jul-27-2021 02:04:46: 	Connected to Mongodb 
info: Jul-27-2021 02:04:51: 	Server started and running on 7000 
info: Jul-27-2021 02:04:55: 	Server started and running on 7000 
info: Jul-27-2021 02:04:56: 	Connected to Mongodb 
info: Jul-27-2021 02:05:14: 	Server started and running on 7000 
info: Jul-27-2021 02:05:15: 	Connected to Mongodb 
info: Jul-27-2021 15:34:36: 	Server started and running on 7000 
info: Jul-27-2021 15:34:37: 	Connected to Mongodb 
info: Jul-27-2021 15:37:10: 	Server started and running on 7000 
info: Jul-27-2021 15:37:11: 	Connected to Mongodb 
info: Jul-27-2021 15:37:39: 	Server started and running on 7000 
info: Jul-27-2021 15:37:39: 	Connected to Mongodb 
info: Jul-27-2021 15:37:47: 	Server started and running on 7000 
info: Jul-27-2021 15:37:48: 	Connected to Mongodb 
info: Jul-27-2021 15:38:08: 	Server started and running on 7000 
info: Jul-27-2021 15:38:08: 	Connected to Mongodb 
info: Jul-27-2021 15:38:12: 	Server started and running on 7000 
info: Jul-27-2021 15:38:13: 	Connected to Mongodb 
info: Jul-27-2021 15:38:20: 	User successfully created id:61008adbab29e9254c68f243 email:arohi@gmail.commmm 
info: Jul-27-2021 15:40:55: 	Server started and running on 7000 
info: Jul-27-2021 15:40:56: 	Connected to Mongodb 
info: Jul-27-2021 15:40:58: 	Server started and running on 7000 
info: Jul-27-2021 15:40:58: 	Connected to Mongodb 
info: Jul-27-2021 15:41:06: 	Server started and running on 7000 
info: Jul-27-2021 15:41:07: 	Connected to Mongodb 
info: Jul-27-2021 15:43:11: 	User successfully created id:61008bff5121962c50738fa7 email:arohi@gmaillllllllll.commmm name:Mot Hi 
info: Jul-27-2021 15:46:38: 	Server started and running on 7000 
info: Jul-27-2021 15:46:39: 	Connected to Mongodb 
info: Jul-27-2021 15:47:39: 	Server started and running on 7000 
info: Jul-27-2021 15:47:40: 	Connected to Mongodb 
info: Jul-27-2021 15:50:44: 	Server started and running on 7000 
info: Jul-27-2021 15:50:44: 	Connected to Mongodb 
info: Jul-27-2021 15:50:46: 	Server started and running on 7000 
info: Jul-27-2021 15:50:46: 	Connected to Mongodb 
info: Jul-27-2021 16:00:24: 	Server started and running on 7000 
info: Jul-27-2021 16:00:25: 	Connected to Mongodb 
info: Jul-27-2021 16:06:37: 	Server started and running on 7000 
info: Jul-27-2021 16:06:38: 	Connected to Mongodb 
info: Jul-27-2021 16:06:50: 	Server started and running on 7000 
info: Jul-27-2021 16:06:50: 	Connected to Mongodb 
info: Jul-27-2021 16:06:54: 	Server started and running on 7000 
info: Jul-27-2021 16:06:55: 	Connected to Mongodb 
info: Jul-27-2021 16:06:59: 	Server started and running on 7000 
info: Jul-27-2021 16:06:59: 	Connected to Mongodb 
info: Jul-27-2021 16:07:03: 	Server started and running on 7000 
info: Jul-27-2021 16:07:04: 	Connected to Mongodb 
info: Jul-27-2021 16:14:13: 	Server started and running on 7000 
info: Jul-27-2021 16:14:13: 	Connected to Mongodb 
info: Jul-27-2021 16:31:25: 	Server started and running on 7000 
info: Jul-27-2021 16:31:47: 	Connected to Mongodb 
info: Jul-27-2021 16:46:38: 	User successfully created id:61009adcdef9b047d43129bb email:arohi@gmail.com name:Arohi Jaju 
info: Jul-27-2021 16:47:27: 	Server started and running on 7000 
error: Jul-27-2021 16:47:48: 	MongoNetworkError: failed to connect to server [cluster0-shard-00-01.hzcup.mongodb.net:27017] on first connect [MongoNetworkTimeoutError: connection timed out
    at connectionFailureError (D:\SocialMediaApp\node_modules\mongodb\lib\core\connection\connect.js:345:14)
    at TLSSocket.<anonymous> (D:\SocialMediaApp\node_modules\mongodb\lib\core\connection\connect.js:313:16)
    at Object.onceWrapper (events.js:421:28)
    at TLSSocket.emit (events.js:315:20)
    at TLSSocket.Socket._onTimeout (net.js:483:8)
    at listOnTimeout (internal/timers.js:554:17)
    at processTimers (internal/timers.js:497:7)] 
info: Jul-27-2021 16:49:16: 	Server started and running on 7000 
info: Jul-27-2021 16:49:17: 	Connected to Mongodb 
info: Jul-27-2021 16:49:21: 	Server started and running on 7000 
info: Jul-27-2021 16:49:21: 	Connected to Mongodb 
info: Jul-27-2021 16:49:26: 	Server started and running on 7000 
info: Jul-27-2021 16:49:27: 	Connected to Mongodb 
info: Jul-27-2021 16:49:30: 	Server started and running on 7000 
info: Jul-27-2021 16:49:31: 	Connected to Mongodb 
info: Jul-27-2021 16:49:41: 	Server started and running on 7000 
info: Jul-27-2021 16:49:42: 	Connected to Mongodb 
info: Jul-27-2021 16:55:18: 	Server started and running on 7000 
info: Jul-27-2021 16:55:19: 	Connected to Mongodb 
info: Jul-27-2021 16:55:32: 	Server started and running on 7000 
info: Jul-27-2021 16:55:47: 	Connected to Mongodb 
info: Jul-27-2021 17:01:07: 	Server started and running on 7000 
info: Jul-27-2021 17:01:08: 	Connected to Mongodb 
info: Jul-27-2021 17:01:15: 	Server started and running on 7000 
info: Jul-27-2021 17:01:15: 	Connected to Mongodb 
info: Jul-27-2021 17:01:18: 	Server started and running on 7000 
info: Jul-27-2021 17:01:18: 	Connected to Mongodb 
info: Jul-27-2021 17:02:20: 	Server started and running on 7000 
info: Jul-27-2021 17:02:25: 	Server started and running on 7000 
info: Jul-27-2021 17:02:27: 	Server started and running on 7000 
error: Jul-27-2021 17:02:47: 	MongoError: no primary found in replicaset or invalid replica set name 
info: Jul-27-2021 17:02:59: 	Server started and running on 7000 
info: Jul-27-2021 17:03:00: 	Connected to Mongodb 
info: Jul-27-2021 17:03:13: 	Server started and running on 7000 
info: Jul-27-2021 17:03:13: 	Connected to Mongodb 
info: Jul-27-2021 17:04:10: 	Server started and running on 7000 
info: Jul-27-2021 17:04:11: 	Connected to Mongodb 
info: Jul-27-2021 17:04:14: 	Server started and running on 7000 
info: Jul-27-2021 17:04:14: 	Connected to Mongodb 
info: Jul-27-2021 17:06:00: 	Server started and running on 7000 
info: Jul-27-2021 17:06:00: 	Connected to Mongodb 
info: Jul-27-2021 17:06:07: 	Server started and running on 7000 
info: Jul-27-2021 17:06:08: 	Connected to Mongodb 
info: Jul-27-2021 17:06:16: 	Server started and running on 7000 
info: Jul-27-2021 17:06:17: 	Connected to Mongodb 
info: Jul-27-2021 17:06:24: 	Server started and running on 7000 
info: Jul-27-2021 17:06:25: 	Connected to Mongodb 
info: Jul-27-2021 17:06:35: 	Server started and running on 7000 
info: Jul-27-2021 17:06:36: 	Connected to Mongodb 
info: Jul-27-2021 17:07:45: 	Server started and running on 7000 
info: Jul-27-2021 17:07:45: 	Connected to Mongodb 
info: Jul-27-2021 17:07:47: 	Server started and running on 7000 
info: Jul-27-2021 17:07:48: 	Server started and running on 7000 
info: Jul-27-2021 17:07:49: 	Connected to Mongodb 
info: Jul-27-2021 17:09:54: 	Server started and running on 7000 
info: Jul-27-2021 17:10:01: 	Server started and running on 7000 
info: Jul-27-2021 17:10:02: 	Server started and running on 7000 
info: Jul-27-2021 17:10:03: 	Connected to Mongodb 
info: Jul-27-2021 17:15:54: 	Server started and running on 7000 
info: Jul-27-2021 17:15:54: 	Connected to Mongodb 
info: Jul-27-2021 17:16:05: 	Server started and running on 7000 
info: Jul-27-2021 17:16:06: 	Connected to Mongodb 
info: Jul-27-2021 17:16:16: 	Server started and running on 7000 
info: Jul-27-2021 17:16:17: 	Connected to Mongodb 
info: Jul-27-2021 17:16:20: 	Server started and running on 7000 
info: Jul-27-2021 17:16:21: 	Connected to Mongodb 
info: Jul-27-2021 17:16:36: 	Server started and running on 7000 
info: Jul-27-2021 17:16:39: 	Server started and running on 7000 
info: Jul-27-2021 17:16:39: 	Connected to Mongodb 
info: Jul-27-2021 17:16:45: 	Server started and running on 7000 
info: Jul-27-2021 17:16:45: 	Connected to Mongodb 
info: Jul-27-2021 17:17:03: 	Server started and running on 7000 
info: Jul-27-2021 17:17:03: 	Connected to Mongodb 
info: Jul-27-2021 17:17:05: 	Server started and running on 7000 
info: Jul-27-2021 17:17:06: 	Connected to Mongodb 
info: Jul-27-2021 17:17:31: 	Server started and running on 7000 
info: Jul-27-2021 17:17:31: 	Connected to Mongodb 
info: Jul-27-2021 17:17:48: 	Server started and running on 7000 
info: Jul-27-2021 17:17:49: 	Connected to Mongodb 
info: Jul-27-2021 17:18:03: 	Server started and running on 7000 
info: Jul-27-2021 17:18:08: 	Connected to Mongodb 
info: Jul-27-2021 17:18:29: 	Server started and running on 7000 
info: Jul-27-2021 17:18:30: 	Connected to Mongodb 
info: Jul-27-2021 17:19:03: 	Server started and running on 7000 
info: Jul-27-2021 17:19:10: 	Server started and running on 7000 
info: Jul-27-2021 17:19:10: 	Connected to Mongodb 
info: Jul-27-2021 17:22:52: 	Server started and running on 7000 
info: Jul-27-2021 17:22:53: 	Connected to Mongodb 
info: Jul-27-2021 17:24:08: 	Server started and running on 7000 
info: Jul-27-2021 17:24:09: 	Connected to Mongodb 
info: Jul-27-2021 17:32:57: 	User successfully created id:6100a5b9c120405004cd3334 email:mohita@gmail.com name:Mohita Karthik 
info: Jul-27-2021 17:56:29: 	Server started and running on 7000 
info: Jul-27-2021 17:56:30: 	Connected to Mongodb 
info: Jul-27-2021 17:56:34: 	Server started and running on 7000 
info: Jul-27-2021 17:56:35: 	Connected to Mongodb 
info: Jul-27-2021 17:56:39: 	Server started and running on 7000 
info: Jul-27-2021 17:56:41: 	Server started and running on 7000 
info: Jul-27-2021 17:56:42: 	Connected to Mongodb 
info: Jul-27-2021 17:56:49: 	Server started and running on 7000 
info: Jul-27-2021 17:56:50: 	Connected to Mongodb 
info: Jul-27-2021 17:56:54: 	Server started and running on 7000 
info: Jul-27-2021 17:56:55: 	Connected to Mongodb 
info: Jul-27-2021 17:56:58: 	Server started and running on 7000 
info: Jul-27-2021 17:57:01: 	Server started and running on 7000 
info: Jul-27-2021 17:57:01: 	Connected to Mongodb 
info: Jul-27-2021 17:57:05: 	Server started and running on 7000 
info: Jul-27-2021 17:57:06: 	Connected to Mongodb 
info: Jul-27-2021 21:24:23: 	Server started and running on 7000 
info: Jul-27-2021 21:24:25: 	Server started and running on 7000 
info: Jul-27-2021 21:24:26: 	Connected to Mongodb 
info: Jul-27-2021 21:24:55: 	Server started and running on 7000 
info: Jul-27-2021 21:25:28: 	Server started and running on 7000 
info: Jul-27-2021 21:25:32: 	Server started and running on 7000 
info: Jul-27-2021 21:25:36: 	Server started and running on 7000 
info: Jul-27-2021 21:25:48: 	Server started and running on 7000 
info: Jul-27-2021 21:25:52: 	Server started and running on 7000 
info: Jul-27-2021 21:25:52: 	Connected to Mongodb 
info: Jul-27-2021 21:28:14: 	Server started and running on 7000 
info: Jul-27-2021 21:28:15: 	Connected to Mongodb 
info: Jul-27-2021 21:28:20: 	Server started and running on 7000 
info: Jul-27-2021 21:28:20: 	Connected to Mongodb 
info: Jul-27-2021 21:28:24: 	Server started and running on 7000 
info: Jul-27-2021 21:28:28: 	Server started and running on 7000 
info: Jul-27-2021 21:28:28: 	Connected to Mongodb 
info: Jul-27-2021 21:28:33: 	Server started and running on 7000 
info: Jul-27-2021 21:28:37: 	Server started and running on 7000 
info: Jul-27-2021 21:28:38: 	Connected to Mongodb 
info: Jul-27-2021 21:28:55: 	Server started and running on 7000 
info: Jul-27-2021 21:28:56: 	Connected to Mongodb 
info: Jul-27-2021 21:29:01: 	Server started and running on 7000 
info: Jul-27-2021 21:29:03: 	Server started and running on 7000 
info: Jul-27-2021 21:29:05: 	Server started and running on 7000 
info: Jul-27-2021 21:29:08: 	Server started and running on 7000 
info: Jul-27-2021 21:29:08: 	Connected to Mongodb 
info: Jul-27-2021 21:29:34: 	Server started and running on 7000 
info: Jul-27-2021 21:29:38: 	Server started and running on 7000 
info: Jul-27-2021 21:29:38: 	Connected to Mongodb 
info: Jul-27-2021 21:29:47: 	Server started and running on 7000 
info: Jul-27-2021 21:29:47: 	Connected to Mongodb 
info: Jul-27-2021 21:29:50: 	Server started and running on 7000 
info: Jul-27-2021 21:29:52: 	Server started and running on 7000 
info: Jul-27-2021 21:29:53: 	Connected to Mongodb 
info: Jul-27-2021 21:30:43: 	Server started and running on 7000 
info: Jul-27-2021 21:30:44: 	Connected to Mongodb 
info: Jul-27-2021 21:33:58: 	Server started and running on 7000 
info: Jul-27-2021 21:34:01: 	Server started and running on 7000 
info: Jul-27-2021 21:34:03: 	Server started and running on 7000 
info: Jul-27-2021 21:34:06: 	Server started and running on 7000 
info: Jul-27-2021 21:34:07: 	Connected to Mongodb 
info: Jul-27-2021 21:35:27: 	Server started and running on 7000 
info: Jul-27-2021 21:35:28: 	Connected to Mongodb 
info: Jul-27-2021 21:36:48: 	Server started and running on 7000 
info: Jul-27-2021 21:36:49: 	Connected to Mongodb 
info: Jul-27-2021 21:36:53: 	Server started and running on 7000 
info: Jul-27-2021 21:36:54: 	Connected to Mongodb 
info: Jul-27-2021 21:38:21: 	Server started and running on 7000 
info: Jul-27-2021 21:38:23: 	Server started and running on 7000 
info: Jul-27-2021 21:38:24: 	Connected to Mongodb 
info: Jul-27-2021 21:38:26: 	Server started and running on 7000 
info: Jul-27-2021 21:38:29: 	Server started and running on 7000 
info: Jul-27-2021 21:38:29: 	Connected to Mongodb 
info: Jul-27-2021 21:38:35: 	Server started and running on 7000 
info: Jul-27-2021 21:38:36: 	Connected to Mongodb 
info: Jul-27-2021 21:38:40: 	Server started and running on 7000 
info: Jul-27-2021 21:38:40: 	Connected to Mongodb 
info: Jul-27-2021 21:38:43: 	Server started and running on 7000 
info: Jul-27-2021 21:38:43: 	Connected to Mongodb 
info: Jul-27-2021 21:40:12: 	Server started and running on 7000 
info: Jul-27-2021 21:40:17: 	Connected to Mongodb 
info: Jul-27-2021 21:40:32: 	Server started and running on 7000 
info: Jul-27-2021 21:40:37: 	Connected to Mongodb 
info: Jul-27-2021 21:41:58: 	Server started and running on 7000 
info: Jul-27-2021 21:41:59: 	Connected to Mongodb 
info: Jul-27-2021 21:42:03: 	Server started and running on 7000 
info: Jul-27-2021 21:42:03: 	Connected to Mongodb 
info: Jul-27-2021 21:42:26: 	Server started and running on 7000 
info: Jul-27-2021 21:42:27: 	Connected to Mongodb 
info: Jul-27-2021 21:43:08: 	Server started and running on 7000 
info: Jul-27-2021 21:43:09: 	Connected to Mongodb 
info: Jul-27-2021 21:49:49: 	Server started and running on 7000 
info: Jul-27-2021 21:49:50: 	Connected to Mongodb 
info: Jul-27-2021 21:50:20: 	Server started and running on 7000 
info: Jul-27-2021 21:50:21: 	Connected to Mongodb 
info: Jul-27-2021 21:53:32: 	Server started and running on 7000 
info: Jul-27-2021 21:53:33: 	Connected to Mongodb 
info: Jul-27-2021 21:53:37: 	Server started and running on 7000 
info: Jul-27-2021 21:53:38: 	Connected to Mongodb 
info: Jul-27-2021 21:54:41: 	Server started and running on 7000 
info: Jul-27-2021 21:54:41: 	Connected to Mongodb 
info: Jul-27-2021 21:55:00: 	Server started and running on 7000 
info: Jul-27-2021 21:55:01: 	Connected to Mongodb 
info: Jul-27-2021 22:02:48: 	Server started and running on 7000 
info: Jul-27-2021 22:02:52: 	Server started and running on 7000 
info: Jul-27-2021 22:02:57: 	Server started and running on 7000 
info: Jul-27-2021 22:02:59: 	Connected to Mongodb 
info: Jul-27-2021 22:03:12: 	Server started and running on 7000 
info: Jul-27-2021 22:03:13: 	Connected to Mongodb 
info: Jul-27-2021 22:03:23: 	Server started and running on 7000 
info: Jul-27-2021 22:03:24: 	Connected to Mongodb 
info: Jul-27-2021 22:03:51: 	Server started and running on 7000 
info: Jul-27-2021 22:03:58: 	Server started and running on 7000 
info: Jul-27-2021 22:03:58: 	Connected to Mongodb 
info: Jul-27-2021 22:12:20: 	Server started and running on 7000 
info: Jul-27-2021 22:12:20: 	Connected to Mongodb 
info: Jul-27-2021 22:13:03: 	Server started and running on 7000 
info: Jul-27-2021 22:13:04: 	Connected to Mongodb 
info: Jul-27-2021 22:13:08: 	Server started and running on 7000 
info: Jul-27-2021 22:13:09: 	Connected to Mongodb 
info: Jul-27-2021 22:13:15: 	Server started and running on 7000 
info: Jul-27-2021 22:13:21: 	Connected to Mongodb 
info: Jul-27-2021 22:14:09: 	Server started and running on 7000 
info: Jul-27-2021 22:14:10: 	Connected to Mongodb 
info: Jul-27-2021 22:15:04: 	Server started and running on 7000 
info: Jul-27-2021 22:15:05: 	Connected to Mongodb 
info: Jul-27-2021 22:21:26: 	Server started and running on 7000 
info: Jul-27-2021 22:21:31: 	Connected to Mongodb 
info: Jul-27-2021 22:24:14: 	Server started and running on 7000 
info: Jul-27-2021 22:24:16: 	Server started and running on 7000 
info: Jul-27-2021 22:24:18: 	Connected to Mongodb 
info: Jul-27-2021 22:24:24: 	Server started and running on 7000 
info: Jul-27-2021 22:24:24: 	Connected to Mongodb 
info: Jul-27-2021 22:24:42: 	Server started and running on 7000 
info: Jul-27-2021 22:24:49: 	Server started and running on 7000 
info: Jul-27-2021 22:24:50: 	Connected to Mongodb 
info: Jul-27-2021 22:24:57: 	Server started and running on 7000 
info: Jul-27-2021 22:24:59: 	Server started and running on 7000 
info: Jul-27-2021 22:25:00: 	Connected to Mongodb 
info: Jul-27-2021 22:25:01: 	Server started and running on 7000 
info: Jul-27-2021 22:25:02: 	Connected to Mongodb 
info: Jul-27-2021 22:25:08: 	Server started and running on 7000 
info: Jul-27-2021 22:25:10: 	Server started and running on 7000 
info: Jul-27-2021 22:25:11: 	Connected to Mongodb 
info: Jul-27-2021 22:25:15: 	Server started and running on 7000 
info: Jul-27-2021 22:25:16: 	Connected to Mongodb 
info: Jul-27-2021 22:25:20: 	Server started and running on 7000 
info: Jul-27-2021 22:25:21: 	Connected to Mongodb 
info: Jul-27-2021 22:25:29: 	Server started and running on 7000 
info: Jul-27-2021 22:25:34: 	Server started and running on 7000 
info: Jul-27-2021 22:25:35: 	Connected to Mongodb 
info: Jul-27-2021 22:25:37: 	Server started and running on 7000 
info: Jul-27-2021 22:25:38: 	Connected to Mongodb 
info: Jul-27-2021 22:25:41: 	Server started and running on 7000 
info: Jul-27-2021 22:25:42: 	Connected to Mongodb 
info: Jul-27-2021 22:25:54: 	Server started and running on 7000 
info: Jul-27-2021 22:25:54: 	Connected to Mongodb 
info: Jul-27-2021 22:25:57: 	Server started and running on 7000 
info: Jul-27-2021 22:25:58: 	Connected to Mongodb 
info: Jul-27-2021 22:26:39: 	Server started and running on 7000 
info: Jul-27-2021 22:26:40: 	Connected to Mongodb 
info: Jul-27-2021 22:26:59: 	Server started and running on 7000 
info: Jul-27-2021 22:27:00: 	Connected to Mongodb 
info: Jul-27-2021 22:27:08: 	Server started and running on 7000 
info: Jul-27-2021 22:27:09: 	Connected to Mongodb 
info: Jul-27-2021 22:27:42: 	Server started and running on 7000 
info: Jul-27-2021 22:27:42: 	Connected to Mongodb 
